<?xml version="1.0" encoding="UTF-8"?>
<!-- Generated by org.testng.reporters.JUnitReportReporter -->
<testsuite hostname="DESKTOP-0QBGJSL" failures="0" tests="2" name="practice.hometest.HomePagesampleTest" time="0.017" errors="0" timestamp="2024-08-05T14:58:59 IST" skipped="0">
  <testcase classname="practice.hometest.HomePagesampleTest" name="verifyLogoHomePage" time="0.001"/>
  <system-out>
    <![CDATA[verifyLogoHomePageTest Start
step-1
step-2
step-3
step-4
verifyLogoHomePageTest End]]>
  </system-out>
  <testcase classname="practice.hometest.HomePagesampleTest" name="homePageTest" time="0.016"/>
  <system-out>
    <![CDATA[homePageTestTest Start
step-1
step-2
step-3
step-4
homePageTestTest End]]>
  </system-out>
</testsuite> <!-- practice.hometest.HomePagesampleTest -->
