<?xml version="1.0" encoding="UTF-8"?>
<!-- Generated by org.testng.reporters.JUnitReportReporter -->
<testsuite hostname="DESKTOP-0QBGJSL" failures="0" tests="3" name="practice.testng.SampleReportTest" time="0.022" errors="0" timestamp="2024-08-08T10:58:49 IST" skipped="0">
  <testcase classname="practice.testng.SampleReportTest" name="createContactTest" time="0.018"/>
  <system-out/>
  <testcase classname="practice.testng.SampleReportTest" name="createContactWithOrg" time="0.002"/>
  <system-out/>
  <testcase classname="practice.testng.SampleReportTest" name="createContactWithPhoneNumber" time="0.002"/>
  <system-out/>
</testsuite> <!-- practice.testng.SampleReportTest -->
