<?xml version="1.0" encoding="UTF-8"?>
<!-- Generated by org.testng.reporters.JUnitReportReporter -->
<testsuite hostname="DESKTOP-0QBGJSL" failures="0" tests="2" name="practice.test.CreateOrgTest" time="0.009" errors="0" timestamp="2024-08-02T16:23:19 IST" skipped="0">
  <testcase classname="practice.test.CreateOrgTest" name="createOrg" time="0.006"/>
  <system-out/>
  <testcase classname="practice.test.CreateOrgTest" name="createOrgWithInd" time="0.003"/>
  <system-out/>
</testsuite> <!-- practice.test.CreateOrgTest -->
