<?xml version="1.0" encoding="UTF-8"?>
<!-- Generated by org.testng.reporters.JUnitReportReporter -->
<testsuite hostname="DESKTOP-0QBGJSL" failures="0" tests="3" name="practice.testng.CreateContact_DP_Test2$CreateContact_DP_Test" time="0.017" errors="0" timestamp="2024-08-02T10:49:32 IST" skipped="0">
  <testcase classname="practice.testng.CreateContact_DP_Test2$CreateContact_DP_Test" name="createContacttest" time="0.002"/>
  <system-out/>
  <testcase classname="practice.testng.CreateContact_DP_Test2$CreateContact_DP_Test" name="createContacttest" time="0.002"/>
  <system-out/>
  <testcase classname="practice.testng.CreateContact_DP_Test2$CreateContact_DP_Test" name="createContacttest" time="0.013"/>
  <system-out/>
</testsuite> <!-- practice.testng.CreateContact_DP_Test2$CreateContact_DP_Test -->
