<?xml version="1.0" encoding="UTF-8"?>
<!-- Generated by org.testng.reporters.JUnitReportReporter -->
<testsuite hostname="DESKTOP-0QBGJSL" failures="0" tests="2" name="practice.test.C" time="0.016" errors="0" timestamp="2024-08-03T10:50:19 IST" skipped="0">
  <testcase classname="practice.test.C" name="receive" time="0.002"/>
  <system-out/>
  <testcase classname="practice.test.C" name="receive" time="0.014"/>
  <system-out/>
</testsuite> <!-- practice.test.C -->
