<?xml version="1.0" encoding="UTF-8"?>
<!-- Generated by org.testng.reporters.JUnitReportReporter -->
<testsuite hostname="DESKTOP-0QBGJSL" failures="0" tests="1" name="practice.testng.SampleReportToAttachScreenshotTest$SampleReportTest" time="36.433" errors="0" timestamp="2024-08-08T11:18:23 IST" skipped="0">
  <testcase classname="practice.testng.SampleReportToAttachScreenshotTest$SampleReportTest" name="createContactTest" time="36.433"/>
  <system-out/>
</testsuite> <!-- practice.testng.SampleReportToAttachScreenshotTest$SampleReportTest -->
