<?xml version="1.0" encoding="UTF-8"?>
<!-- Generated by org.testng.reporters.JUnitReportReporter -->
<testsuite hostname="DESKTOP-0QBGJSL" failures="0" tests="11" name="practice.testng.OrderTest" time="0.041" errors="0" timestamp="2024-08-01T16:53:38 IST" skipped="1">
  <testcase classname="practice.testng.OrderTest" name="createOrder" time="0.003"/>
  <system-out/>
  <testcase classname="practice.testng.OrderTest" name="createOrder" time="0.003"/>
  <system-out/>
  <testcase classname="practice.testng.OrderTest" name="createOrder" time="0.001"/>
  <system-out/>
  <testcase classname="practice.testng.OrderTest" name="createOrder" time="0.002"/>
  <system-out/>
  <testcase classname="practice.testng.OrderTest" name="createOrder" time="0.002"/>
  <system-out/>
  <testcase classname="practice.testng.OrderTest" name="createOrder" time="0.003"/>
  <system-out/>
  <testcase classname="practice.testng.OrderTest" name="createOrder" time="0.002"/>
  <system-out/>
  <testcase classname="practice.testng.OrderTest" name="createOrder" time="0.004"/>
  <system-out/>
  <testcase classname="practice.testng.OrderTest" name="createOrder" time="0.018"/>
  <system-out/>
  <testcase classname="practice.testng.OrderTest" name="createOrder" time="0.003"/>
  <system-out/>
  <testcase classname="practice.testng.OrderTest" name="billingAnOrder">
    <skipped/>
  </testcase> <!-- billingAnOrder -->
  <system-out/>
</testsuite> <!-- practice.testng.OrderTest -->
