<?xml version="1.0" encoding="UTF-8"?>
<!-- Generated by org.testng.reporters.JUnitReportReporter -->
<testsuite hostname="DESKTOP-0QBGJSL" failures="0" tests="1" name="practice.pom.repository.SampleTestWithPom" time="19.091" errors="0" timestamp="2024-07-30T15:41:05 IST" skipped="0">
  <testcase classname="practice.pom.repository.SampleTestWithPom" name="sampleTest" time="19.091"/>
  <system-out/>
</testsuite> <!-- practice.pom.repository.SampleTestWithPom -->
