<?xml version="1.0" encoding="UTF-8"?>
<!-- Generated by org.testng.reporters.JUnitReportReporter -->
<testsuite hostname="DESKTOP-0QBGJSL" failures="0" tests="2" name="practice.test.CreateContac_Config_Annot_Test" time="0.007" errors="0" timestamp="2024-08-02T16:23:19 IST" skipped="0">
  <testcase classname="practice.test.CreateContac_Config_Annot_Test" name="createContact" time="0.005"/>
  <system-out/>
  <testcase classname="practice.test.CreateContac_Config_Annot_Test" name="createContactWithDate" time="0.002"/>
  <system-out/>
</testsuite> <!-- practice.test.CreateContac_Config_Annot_Test -->
