<?xml version="1.0" encoding="UTF-8"?>
<!-- Generated by org.testng.reporters.JUnitReportReporter -->
<testsuite hostname="DESKTOP-0QBGJSL" failures="0" tests="3" name="com.comcast.crm.orgtest.CreateOrganizationTest" time="58.715" errors="0" timestamp="2024-08-10T13:06:30 IST" skipped="0">
  <testcase classname="com.comcast.crm.orgtest.CreateOrganizationTest" name="createOrgWithIndustry" time="17.084"/>
  <system-out/>
  <testcase classname="com.comcast.crm.orgtest.CreateOrganizationTest" name="createOrg" time="21.946"/>
  <system-out/>
  <testcase classname="com.comcast.crm.orgtest.CreateOrganizationTest" name="createOrgWithPhoneNumber" time="19.685"/>
  <system-out/>
</testsuite> <!-- com.comcast.crm.orgtest.CreateOrganizationTest -->
