<?xml version="1.0" encoding="UTF-8"?>
<!-- Generated by org.testng.reporters.JUnitReportReporter -->
<testsuite hostname="DESKTOP-0QBGJSL" failures="0" tests="2" name="practice.testng.ContactTest" time="0.014" errors="0" timestamp="2024-08-01T16:44:01 IST" skipped="0">
  <testcase classname="practice.testng.ContactTest" name="modifyContactTest" time="0.001"/>
  <system-out/>
  <testcase classname="practice.testng.ContactTest" name="createContactTest" time="0.013"/>
  <system-out/>
</testsuite> <!-- practice.testng.ContactTest -->
