<?xml version="1.0" encoding="UTF-8"?>
<!-- Generated by org.testng.reporters.JUnitReportReporter -->
<testsuite hostname="DESKTOP-0QBGJSL" failures="0" tests="3" name="com.comcast.crm.orgtest.CreateOrganizationTest" time="108.776" errors="0" timestamp="2024-08-18T12:43:36 IST" skipped="0">
  <testcase classname="com.comcast.crm.orgtest.CreateOrganizationTest" name="createOrgWithIndustry" time="21.013"/>
  <system-out/>
  <testcase classname="com.comcast.crm.orgtest.CreateOrganizationTest" name="createOrg" time="38.439"/>
  <system-out/>
  <testcase classname="com.comcast.crm.orgtest.CreateOrganizationTest" name="createOrgWithPhoneNumber" time="49.324"/>
  <system-out/>
</testsuite> <!-- com.comcast.crm.orgtest.CreateOrganizationTest -->
