<?xml version="1.0" encoding="UTF-8"?>
<!-- Generated by org.testng.reporters.JUnitReportReporter -->
<testsuite hostname="DESKTOP-0QBGJSL" failures="0" tests="2" name="practice.testng.SampleTest" time="0.014" errors="0" timestamp="2024-08-01T15:05:09 IST" skipped="0">
  <testcase classname="practice.testng.SampleTest" name="createContactWithMobileNumberTest" time="0.002"/>
  <system-out/>
  <testcase classname="practice.testng.SampleTest" name="createContactTest" time="0.012"/>
  <system-out/>
</testsuite> <!-- practice.testng.SampleTest -->
