<?xml version="1.0" encoding="UTF-8"?>
<!-- Generated by org.testng.reporters.JUnitXMLReporter -->
<testsuite ignored="0" hostname="DESKTOP-0QBGJSL" failures="0" tests="3" name="Test-2" time="88.917" errors="0" timestamp="2024-08-03T15:13:13 IST">
  <testcase classname="com.comcast.crm.contacttest.CreateContactTest" name="createContactTest" time="16.223"/>
  <testcase classname="com.comcast.crm.contacttest.CreateContactTest" name="createContactWithOrg" time="24.911"/>
  <testcase classname="com.comcast.crm.contacttest.CreateContactTest" name="createContactWithSupportDate" time="12.299"/>
</testsuite> <!-- Test-2 -->
