<?xml version="1.0" encoding="UTF-8"?>
<!-- Generated by org.testng.reporters.JUnitXMLReporter -->
<testsuite ignored="0" hostname="DESKTOP-0QBGJSL" failures="0" tests="3" name="Test-1" time="76.92" errors="0" timestamp="2024-08-03T15:13:01 IST">
  <testcase classname="com.comcast.crm.orgtest.CreateOrganizationTest" name="createOrg" time="17.123"/>
  <testcase classname="com.comcast.crm.orgtest.CreateOrganizationTest" name="createOrgWithIndustry" time="11.923"/>
  <testcase classname="com.comcast.crm.orgtest.CreateOrganizationTest" name="createOrgWithPhoneNumber" time="9.109"/>
</testsuite> <!-- Test-1 -->
